<?xml version="1.0" encoding="UTF-8"?>
<testsuite name="rspec" tests="32" skipped="0" failures="0" errors="0" time="11.906290" timestamp="2019-12-06T17:03:46-04:00" hostname="DESKTOP-NCIE9KE">
<properties>
<property name="seed" value="52489"/>
</properties>
<testcase classname="spec.delete_spec" name="delete when a register user is expected to eql &quot;204&quot;" file="./spec/delete_spec.rb" time="6.962831"></testcase>
<testcase classname="spec.delete_spec" name="delete when not exists is expected to eql &quot;404&quot;" file="./spec/delete_spec.rb" time="0.284063"></testcase>
<testcase classname="spec.delete_spec" name="delete when wrong id is expected to eql &quot;412&quot;" file="./spec/delete_spec.rb" time="0.262662"></testcase>
<testcase classname="spec.get_spec" name="get when a registered user is expected to eql &quot;200&quot;" file="./spec/get_spec.rb" time="0.244051"></testcase>
<testcase classname="spec.get_spec" name="get when a registered user is expected to eql &quot;Ben Solo&quot;" file="./spec/get_spec.rb" time="0.275369"></testcase>
<testcase classname="spec.get_spec" name="get when a registered user is expected to eql &quot;$2b$10$n3f54xoxExfUSQJY5u02DuqthpcZX67z5riWMlX5EmbU1Jk8S6Fqm&quot;" file="./spec/get_spec.rb" time="0.300235"></testcase>
<testcase classname="spec.get_spec" name="get when a registered user is expected to eql &quot;erso_lyra@yahoo.com&quot;" file="./spec/get_spec.rb" time="0.299865"></testcase>
<testcase classname="spec.get_spec" name="get when a registered user is expected to eql 55, 3, 21, 6, 12, 2019, 5, 340, false, and nil" file="./spec/get_spec.rb" time="0.276513"></testcase>
<testcase classname="spec.get_spec" name="get when a registered user is expected to eql 56, 3, 21, 6, 12, 2019, 5, 340, false, and nil" file="./spec/get_spec.rb" time="0.298443"></testcase>
<testcase classname="spec.get_spec" name="get when not exists is expected to eql &quot;404&quot;" file="./spec/get_spec.rb" time="0.275206"></testcase>
<testcase classname="spec.get_spec" name="get when wrong id is expected to eql &quot;412&quot;" file="./spec/get_spec.rb" time="0.339060"></testcase>
<testcase classname="spec.get_spec" name="get when other id is expected to eql &quot;401&quot;" file="./spec/get_spec.rb" time="0.444389"></testcase>
<testcase classname="spec.post_spec" name="post when new user is expected to eql &quot;200&quot;" file="./spec/post_spec.rb" time="0.150242"></testcase>
<testcase classname="spec.post_spec" name="post when duplicate email is expected to eql &quot;409&quot;" file="./spec/post_spec.rb" time="0.345131"></testcase>
<testcase classname="spec.post_spec" name="post when duplicate email is expected to eql &quot;Oops. Looks like you already have an account with this email address.&quot;" file="./spec/post_spec.rb" time="0.254200"></testcase>
<testcase classname="spec.post_spec" name="post when wrong email is expected to eql &quot;412&quot;" file="./spec/post_spec.rb" time="0.026026"></testcase>
<testcase classname="spec.post_spec" name="post when wrong email is expected to eql &quot;Oops. You entered a wrong email.&quot;" file="./spec/post_spec.rb" time="0.023809"></testcase>
<testcase classname="spec.post_spec" name="post when empty name is expected to eql &quot;412&quot;" file="./spec/post_spec.rb" time="0.029209"></testcase>
<testcase classname="spec.post_spec" name="post when empty name is expected to eql &quot;Validation notEmpty on full_name failed&quot;" file="./spec/post_spec.rb" time="0.026647"></testcase>
<testcase classname="spec.post_spec" name="post when empty email is expected to eql &quot;412&quot;" file="./spec/post_spec.rb" time="0.023956"></testcase>
<testcase classname="spec.post_spec" name="post when empty email is expected to eql &quot;Validation notEmpty on email failed&quot;" file="./spec/post_spec.rb" time="0.024719"></testcase>
<testcase classname="spec.post_spec" name="post when empty password is expected to eql &quot;412&quot;" file="./spec/post_spec.rb" time="0.013470"></testcase>
<testcase classname="spec.post_spec" name="post when empty password is expected to eql &quot;Validation notEmpty on password failed&quot;" file="./spec/post_spec.rb" time="0.035264"></testcase>
<testcase classname="spec.post_spec" name="post when null name is expected to eql &quot;412&quot;" file="./spec/post_spec.rb" time="0.013198"></testcase>
<testcase classname="spec.post_spec" name="post when null name is expected to eql &quot;Users.full_name cannot be null&quot;" file="./spec/post_spec.rb" time="0.035084"></testcase>
<testcase classname="spec.post_spec" name="post when null email is expected to eql &quot;412&quot;" file="./spec/post_spec.rb" time="0.034643"></testcase>
<testcase classname="spec.post_spec" name="post when null email is expected to eql &quot;Users.email cannot be null&quot;" file="./spec/post_spec.rb" time="0.024076"></testcase>
<testcase classname="spec.post_spec" name="post when null password is expected to eql &quot;412&quot;" file="./spec/post_spec.rb" time="0.024847"></testcase>
<testcase classname="spec.post_spec" name="post when null password is expected to eql &quot;Users.password cannot be null&quot;" file="./spec/post_spec.rb" time="0.015064"></testcase>
<testcase classname="spec.put_spec" name="put when a registered user is expected to eql &quot;200&quot;" file="./spec/put_spec.rb" time="0.000236"></testcase>
<testcase classname="spec.put_spec" name="put when a registered user is expected to eql &quot;Papito Skywalker&quot;" file="./spec/put_spec.rb" time="0.000223"></testcase>
<testcase classname="spec.put_spec" name="put when a registered user is expected to eql &quot;papito@jedi.com&quot;" file="./spec/put_spec.rb" time="0.000145"></testcase>
</testsuite>
